<?xml version="1.0" encoding="UTF-8"?>
<!-- Generated by org.testng.reporters.JUnitXMLReporter -->
<testsuite hostname="LAPTOP-02H2H77P" ignored="0" name="Default test" tests="2" failures="0" timestamp="13 Mar 2018 19:50:39 GMT" time="0.43" errors="0">
  <testcase name="one" time="0.01" classname="CommonUtilities.Runner"/>
  <testcase name="feature" time="0.0" classname="cucumber.api.testng.AbstractTestNGCucumberTests">
    <skipped/>
  </testcase> <!-- feature -->
</testsuite> <!-- Default test -->
