<?xml version="1.0" encoding="UTF-8"?>
<testng-results skipped="0" failed="1" ignored="0" total="1" passed="0">
  <reporter-output>
    <line>
      <![CDATA[<div style="display:block;margin-left:10px;"><div  class="fail"><span class="fail-label">F </span>Could not initialize class com.quantum.steps.Facebooklogin</div></div>]]>
    </line>
  </reporter-output>
  <suite name="LFG CI Suite" duration-ms="107044" started-at="2018-03-13T20:51:56Z" finished-at="2018-03-13T20:53:43Z">
    <groups>
      <group name="@Flipkart_Home">
        <method signature="src.main.resources.scenarios.flipkart.feature.Verify i am on flipkart home page()[pri:1000, instance:com.qmetry.qaf.automation.step.client.Scenario@3e8]" name="Verify i am on flipkart home page" class="com.qmetry.qaf.automation.step.client.Scenario"/>
      </group> <!-- @Flipkart_Home -->
      <group name="@navigate_to_flipkart_home_page">
        <method signature="src.main.resources.scenarios.flipkart.feature.Verify i am on flipkart home page()[pri:1000, instance:com.qmetry.qaf.automation.step.client.Scenario@3e8]" name="Verify i am on flipkart home page" class="com.qmetry.qaf.automation.step.client.Scenario"/>
      </group> <!-- @navigate_to_flipkart_home_page -->
    </groups>
    <test name="pssss-uhh geko Browser" duration-ms="107044" started-at="2018-03-13T20:51:56Z" finished-at="2018-03-13T20:53:43Z">
      <class name="com.qmetry.qaf.automation.step.client.Scenario">
        <test-method status="PASS" signature="setupSuit(org.testng.ITestContext)[pri:0, instance:com.qmetry.qaf.automation.step.client.Scenario@3e8]" test-instance-name="Verify i am on flipkart home page" name="setupSuit" is-config="true" duration-ms="52" started-at="2018-03-14T02:21:56Z" finished-at="2018-03-14T02:21:56Z">
          <params>
            <param index="0">
              <value>
                <![CDATA[org.testng.TestRunner@7530ad9c]]>
              </value>
            </param>
          </params>
          <reporter-output>
          </reporter-output>
        </test-method> <!-- setupSuit -->
        <test-method status="PASS" signature="setupTest(org.testng.ITestContext)[pri:0, instance:com.qmetry.qaf.automation.step.client.Scenario@3e8]" test-instance-name="Verify i am on flipkart home page" name="setupTest" is-config="true" duration-ms="9" started-at="2018-03-14T02:21:56Z" finished-at="2018-03-14T02:21:56Z">
          <params>
            <param index="0">
              <value>
                <![CDATA[org.testng.TestRunner@7530ad9c]]>
              </value>
            </param>
          </params>
          <reporter-output>
          </reporter-output>
        </test-method> <!-- setupTest -->
        <test-method status="PASS" signature="setup(org.testng.ITestContext)[pri:0, instance:com.qmetry.qaf.automation.step.client.Scenario@3e8]" test-instance-name="Verify i am on flipkart home page" name="setup" is-config="true" duration-ms="2" started-at="2018-03-14T02:21:56Z" finished-at="2018-03-14T02:21:56Z">
          <params>
            <param index="0">
              <value>
                <![CDATA[org.testng.TestRunner@7530ad9c]]>
              </value>
            </param>
          </params>
          <reporter-output>
          </reporter-output>
        </test-method> <!-- setup -->
        <test-method status="PASS" signature="setupMethod(java.lang.reflect.Method, org.testng.ITestContext)[pri:0, instance:com.qmetry.qaf.automation.step.client.Scenario@3e8]" test-instance-name="Verify i am on flipkart home page" name="setupMethod" is-config="true" duration-ms="2" started-at="2018-03-14T02:21:56Z" finished-at="2018-03-14T02:21:56Z">
          <params>
            <param index="0">
              <value>
                <![CDATA[public void com.qmetry.qaf.automation.step.client.Scenario.scenario()]]>
              </value>
            </param>
            <param index="1">
              <value>
                <![CDATA[org.testng.TestRunner@7530ad9c]]>
              </value>
            </param>
          </params>
          <reporter-output>
          </reporter-output>
        </test-method> <!-- setupMethod -->
        <test-method status="FAIL" signature="Verify i am on flipkart home page()[pri:1000, instance:com.qmetry.qaf.automation.step.client.Scenario@3e8]" test-instance-name="Verify i am on flipkart home page" name="Verify i am on flipkart home page" duration-ms="106890" started-at="2018-03-14T02:21:56Z" finished-at="2018-03-14T02:23:43Z">
          <exception class="java.lang.NoClassDefFoundError">
            <message>
              <![CDATA[Could not initialize class com.quantum.steps.Facebooklogin]]>
            </message>
            <full-stacktrace>
              <![CDATA[java.lang.NoClassDefFoundError: Could not initialize class com.quantum.steps.Facebooklogin
	at java.lang.Class.forName0(Native Method)
	at java.lang.Class.forName(Unknown Source)
	at com.qmetry.qaf.automation.util.ClassUtil.getClasses(ClassUtil.java:220)
	at com.qmetry.qaf.automation.util.ClassUtil.getClasses(ClassUtil.java:165)
	at com.qmetry.qaf.automation.core.ClassFinderFactory$DefaultClassFinder.getClasses(ClassFinderFactory.java:65)
	at com.qmetry.qaf.automation.step.JavaStepFinder.getAllJavaSteps(JavaStepFinder.java:77)
	at com.qmetry.qaf.automation.core.ConfigurationManager.getStepMapping(ConfigurationManager.java:321)
	at com.qmetry.qaf.automation.step.StringTestStep.getTestStep(StringTestStep.java:189)
	at com.qmetry.qaf.automation.step.StringTestStep.initStep(StringTestStep.java:78)
	at com.qmetry.qaf.automation.step.client.Scenario.execute(Scenario.java:187)
	at com.qmetry.qaf.automation.step.client.Scenario.scenario(Scenario.java:219)
	at sun.reflect.NativeMethodAccessorImpl.invoke0(Native Method)
	at sun.reflect.NativeMethodAccessorImpl.invoke(Unknown Source)
	at sun.reflect.DelegatingMethodAccessorImpl.invoke(Unknown Source)
	at java.lang.reflect.Method.invoke(Unknown Source)
	at org.testng.internal.MethodInvocationHelper.invokeMethod(MethodInvocationHelper.java:104)
	at org.testng.internal.Invoker.invokeMethod(Invoker.java:645)
	at org.testng.internal.Invoker.invokeTestMethod(Invoker.java:851)
	at org.testng.internal.Invoker.invokeTestMethods(Invoker.java:1177)
	at org.testng.internal.TestMethodWorker.invokeTestMethods(TestMethodWorker.java:129)
	at org.testng.internal.TestMethodWorker.run(TestMethodWorker.java:112)
	at org.testng.TestRunner.privateRun(TestRunner.java:781)
	at org.testng.TestRunner.run(TestRunner.java:635)
	at org.testng.SuiteRunner.runTest(SuiteRunner.java:387)
	at org.testng.SuiteRunner.runSequentially(SuiteRunner.java:382)
	at org.testng.SuiteRunner.privateRun(SuiteRunner.java:340)
	at org.testng.SuiteRunner.run(SuiteRunner.java:289)
	at org.testng.SuiteRunnerWorker.runSuite(SuiteRunnerWorker.java:52)
	at org.testng.SuiteRunnerWorker.run(SuiteRunnerWorker.java:86)
	at org.testng.TestNG.runSuitesSequentially(TestNG.java:1293)
	at org.testng.TestNG.runSuitesLocally(TestNG.java:1218)
	at org.testng.TestNG.runSuites(TestNG.java:1133)
	at org.testng.TestNG.run(TestNG.java:1104)
	at org.testng.remote.AbstractRemoteTestNG.run(AbstractRemoteTestNG.java:114)
	at org.testng.remote.RemoteTestNG.initAndRun(RemoteTestNG.java:251)
	at org.testng.remote.RemoteTestNG.main(RemoteTestNG.java:77)
]]>
            </full-stacktrace>
          </exception> <!-- java.lang.NoClassDefFoundError -->
          <reporter-output>
            <line>
              <![CDATA[<div style="display:block;margin-left:10px;"><div  class="fail"><span class="fail-label">F </span>Could not initialize class com.quantum.steps.Facebooklogin</div></div>]]>
            </line>
          </reporter-output>
        </test-method> <!-- Verify i am on flipkart home page -->
        <test-method status="PASS" signature="afterMethod(org.testng.ITestContext, org.testng.ITestResult)[pri:0, instance:com.qmetry.qaf.automation.step.client.Scenario@3e8]" test-instance-name="Verify i am on flipkart home page" name="afterMethod" is-config="true" duration-ms="2" started-at="2018-03-14T02:23:43Z" finished-at="2018-03-14T02:23:43Z">
          <params>
            <param index="0">
              <value>
                <![CDATA[org.testng.TestRunner@7530ad9c]]>
              </value>
            </param>
            <param index="1">
              <value>
                <![CDATA[[TestResult name=Verify i am on flipkart home page status=FAILURE method=src.main.resources.scenarios.flipkart.feature.Verify i am on flipkart home page()[pri:1000, instance:com.qmetry.qaf.automation.step.client.Scenario@3e8] output=<div style="display:block;margin-left:10px;"><div  class="fail"><span class="fail-label">F </span>Could not initialize class com.quantum.steps.Facebooklogin</div></div>]]]>
              </value>
            </param>
          </params>
          <reporter-output>
          </reporter-output>
        </test-method> <!-- afterMethod -->
        <test-method status="PASS" signature="afterClass(org.testng.ITestContext)[pri:0, instance:com.qmetry.qaf.automation.step.client.Scenario@3e8]" test-instance-name="Verify i am on flipkart home page" name="afterClass" is-config="true" duration-ms="0" started-at="2018-03-14T02:23:43Z" finished-at="2018-03-14T02:23:43Z">
          <params>
            <param index="0">
              <value>
                <![CDATA[org.testng.TestRunner@7530ad9c]]>
              </value>
            </param>
          </params>
          <reporter-output>
          </reporter-output>
        </test-method> <!-- afterClass -->
        <test-method status="PASS" signature="afterTest(org.testng.ITestContext)[pri:0, instance:com.qmetry.qaf.automation.step.client.Scenario@3e8]" test-instance-name="Verify i am on flipkart home page" name="afterTest" is-config="true" duration-ms="4" started-at="2018-03-14T02:23:43Z" finished-at="2018-03-14T02:23:43Z">
          <params>
            <param index="0">
              <value>
                <![CDATA[org.testng.TestRunner@7530ad9c]]>
              </value>
            </param>
          </params>
          <reporter-output>
          </reporter-output>
        </test-method> <!-- afterTest -->
      </class> <!-- com.qmetry.qaf.automation.step.client.Scenario -->
    </test> <!-- pssss-uhh geko Browser -->
  </suite> <!-- LFG CI Suite -->
</testng-results>
