<?xml version="1.0" encoding="UTF-8"?>
<!-- Generated by org.testng.reporters.JUnitXMLReporter -->
<testsuite hostname="LAPTOP-02H2H77P" ignored="0" name="pssss-uhh geko Browser" tests="1" failures="1" timestamp="13 Mar 2018 20:53:43 GMT" time="107.044" errors="0">
  <testcase name="Verify i am on flipkart home page" time="106.89" classname="com.qmetry.qaf.automation.step.client.Scenario">
    <failure type="java.lang.NoClassDefFoundError" message="Could not initialize class com.quantum.steps.Facebooklogin">
      <![CDATA[java.lang.NoClassDefFoundError: Could not initialize class com.quantum.steps.Facebooklogin
	at java.lang.Class.forName0(Native Method)
	at java.lang.Class.forName(Unknown Source)
	at com.qmetry.qaf.automation.util.ClassUtil.getClasses(ClassUtil.java:220)
	at com.qmetry.qaf.automation.util.ClassUtil.getClasses(ClassUtil.java:165)
	at com.qmetry.qaf.automation.core.ClassFinderFactory$DefaultClassFinder.getClasses(ClassFinderFactory.java:65)
	at com.qmetry.qaf.automation.step.JavaStepFinder.getAllJavaSteps(JavaStepFinder.java:77)
	at com.qmetry.qaf.automation.core.ConfigurationManager.getStepMapping(ConfigurationManager.java:321)
	at com.qmetry.qaf.automation.step.StringTestStep.getTestStep(StringTestStep.java:189)
	at com.qmetry.qaf.automation.step.StringTestStep.initStep(StringTestStep.java:78)
	at com.qmetry.qaf.automation.step.client.Scenario.execute(Scenario.java:187)
	at com.qmetry.qaf.automation.step.client.Scenario.scenario(Scenario.java:219)
... Removed 25 stack frames]]>
    </failure>
  </testcase> <!-- Verify i am on flipkart home page -->
</testsuite> <!-- pssss-uhh geko Browser -->
